\BOOKMARK [1][-]{section.1}{\376\377\000M\000o\000t\000i\000v\000a\000t\000i\000o\000n\000\040\000a\000n\000d\000\040\000G\000o\000a\000l}{}% 1
\BOOKMARK [1][-]{section.2}{\376\377\000P\000r\000o\000b\000l\000e\000m\000\040\000B\000a\000c\000k\000g\000r\000o\000u\000n\000d\000\040\000a\000n\000d\000\040\000R\000e\000l\000a\000t\000e\000d\000\040\000W\000o\000r\000k}{}% 2
\BOOKMARK [2][-]{subsection.2.1}{\376\377\000P\000r\000o\000b\000l\000e\000m\000\040\000D\000e\000f\000i\000n\000i\000t\000i\000o\000n}{section.2}% 3
\BOOKMARK [1][-]{section.3}{\376\377\000A\000p\000p\000r\000o\000a\000c\000h}{}% 4
\BOOKMARK [1][-]{section.4}{\376\377\000R\000e\000d\000u\000c\000t\000i\000o\000n\000\040\000t\000o\000\040\000S\000M\000T}{}% 5
\BOOKMARK [2][-]{subsection.4.1}{\376\377\000S\000e\000t\000\040\000U\000p}{section.4}% 6
\BOOKMARK [2][-]{subsection.4.2}{\376\377\000A\000l\000l\000\040\000D\000i\000f\000f\000e\000r\000e\000n\000t\000\040\000o\000r\000\040\000A\000l\000l\000\040\000S\000a\000m\000e\000\040\000C\000o\000n\000s\000t\000r\000a\000i\000n\000t}{section.4}% 7
\BOOKMARK [2][-]{subsection.4.3}{\376\377\000T\000h\000e\000\040\000C\000a\000r\000d\000s\000\040\000M\000u\000s\000t\000\040\000B\000e\000\040\000F\000r\000o\000m\000\040\000T\000h\000e\000\040\000B\000o\000a\000r\000d}{section.4}% 8
\BOOKMARK [2][-]{subsection.4.4}{\376\377\000A\000l\000l\000\040\000D\000i\000s\000t\000i\000n\000c\000t\000\040\000C\000a\000r\000d\000s}{section.4}% 9
\BOOKMARK [2][-]{subsection.4.5}{\376\377\000U\000p\000d\000a\000t\000e\000\040\000F\000u\000n\000c\000t\000i\000o\000n\000s}{section.4}% 10
\BOOKMARK [1][-]{section.5}{\376\377\000I\000m\000p\000l\000e\000m\000e\000n\000t\000a\000t\000i\000o\000n}{}% 11
\BOOKMARK [2][-]{subsection.5.1}{\376\377\000R\000a\000n\000d\000o\000m\000i\000z\000e\000r}{section.5}% 12
\BOOKMARK [2][-]{subsection.5.2}{\376\377\000S\000M\000T\000\040\000S\000o\000l\000v\000e\000r\000\040\000I\000m\000p\000l\000e\000m\000e\000n\000t\000a\000t\000i\000o\000n}{section.5}% 13
\BOOKMARK [2][-]{subsection.5.3}{\376\377\000D\000y\000n\000a\000m\000i\000c\000\040\000A\000l\000g\000o\000r\000i\000t\000h\000m\000\040\000I\000m\000p\000l\000e\000m\000e\000n\000t\000a\000t\000i\000o\000n}{section.5}% 14
\BOOKMARK [2][-]{subsection.5.4}{\376\377\000T\000e\000s\000t\000i\000n\000g}{section.5}% 15
\BOOKMARK [3][-]{subsubsection.5.4.1}{\376\377\000T\000e\000s\000t\000i\000n\000g\000\040\000S\000a\000t\000i\000s\000f\000y\000i\000n\000g\000\040\000S\000e\000t}{subsection.5.4}% 16
\BOOKMARK [3][-]{subsubsection.5.4.2}{\376\377\000T\000e\000s\000t\000i\000n\000g\000\040\000C\000o\000r\000r\000e\000c\000t\000\040\000D\000e\000l\000e\000t\000i\000o\000n}{subsection.5.4}% 17
\BOOKMARK [1][-]{section.6}{\376\377\000R\000e\000s\000u\000l\000t\000s}{}% 18
\BOOKMARK [1][-]{section.7}{\376\377\000C\000o\000n\000c\000l\000u\000s\000i\000o\000n}{}% 19
\BOOKMARK [2][-]{subsection.7.1}{\376\377\000P\000a\000p\000e\000r\000\040\000F\000o\000r\000m\000a\000t\000t\000i\000n\000g}{section.7}% 20
\BOOKMARK [2][-]{subsection.7.2}{\376\377\000C\000i\000t\000a\000t\000i\000o\000n\000s\000\040\000a\000n\000d\000\040\000F\000o\000o\000t\000n\000o\000t\000e\000s}{section.7}% 21
\BOOKMARK [2][-]{subsection.7.3}{\376\377\000F\000i\000g\000u\000r\000e\000s\000\040\000a\000n\000d\000\040\000T\000a\000b\000l\000e\000s\000.}{section.7}% 22
\BOOKMARK [2][-]{subsection.7.4}{\376\377\000D\000o\000u\000b\000l\000e\000\040\000Q\000u\000o\000t\000e\000s\000.}{section.7}% 23
\BOOKMARK [2][-]{subsection.7.5}{\376\377\000M\000a\000i\000n\000\040\000B\000o\000d\000y\000.}{section.7}% 24
\BOOKMARK [1][-]{section.8}{\376\377\000O\000u\000t\000l\000i\000n\000e}{}% 25
\BOOKMARK [2][-]{subsection.8.1}{\376\377\000I\000n\000t\000r\000o\000d\000u\000c\000t\000i\000o\000n}{section.8}% 26
\BOOKMARK [2][-]{subsection.8.2}{\376\377\000P\000r\000o\000b\000l\000e\000m\000\040\000B\000a\000c\000k\000g\000r\000o\000u\000n\000d\000\040\000a\000n\000d\000\040\000R\000e\000l\000a\000t\000e\000d\000\040\000W\000o\000r\000k}{section.8}% 27
\BOOKMARK [2][-]{subsection.8.3}{\376\377\000A\000p\000p\000r\000o\000a\000c\000h}{section.8}% 28
\BOOKMARK [2][-]{subsection.8.4}{\376\377\000I\000m\000p\000l\000e\000m\000e\000n\000t\000a\000t\000i\000o\000n}{section.8}% 29
\BOOKMARK [2][-]{subsection.8.5}{\376\377\000E\000v\000a\000l\000u\000a\000t\000i\000o\000n}{section.8}% 30
\BOOKMARK [2][-]{subsection.8.6}{\376\377\000S\000u\000m\000m\000a\000r\000y}{section.8}% 31
\BOOKMARK [1][-]{section.9}{\376\377\000E\000t\000h\000i\000c\000s}{}% 32
